<?xml version="1.0" encoding="UTF-8"?>
<testng-results ignored="0" total="1" passed="1" failed="0" skipped="0">
  <reporter-output>
  </reporter-output>
  <suite started-at="2024-03-30T19:03:56 IST" name="Suite" finished-at="2024-03-30T19:04:07 IST" duration-ms="10740">
    <groups>
    </groups>
    <test started-at="2024-03-30T19:03:56 IST" name="Test2" finished-at="2024-03-30T19:04:07 IST" duration-ms="10740">
      <class name="mavgit.mavgit.WebTest">
        <test-method signature="startBrowser(java.lang.String)[pri:0, instance:mavgit.mavgit.WebTest@5be6e01c]" started-at="2024-03-30T19:03:56 IST" name="startBrowser" finished-at="2024-03-30T19:04:07 IST" duration-ms="10707" status="PASS">
          <params>
            <param index="0">
              <value>
                <![CDATA[Chrome]]>
              </value>
            </param>
          </params>
          <reporter-output>
          </reporter-output>
        </test-method> <!-- startBrowser -->
      </class> <!-- mavgit.mavgit.WebTest -->
    </test> <!-- Test2 -->
  </suite> <!-- Suite -->
</testng-results>
